<?xml version="1.0" encoding="utf-8"?><testsuites name="pytest tests"><testsuite name="pytest" errors="0" failures="0" skipped="0" tests="29" time="9.277" timestamp="2026-09-23T02:04:17.176988+00:00" hostname="agent-env-66fe3311-38ce-412b-9c7e-bf63489c4da0"><testcase classname="tests.backend_test.TestAuth" name="test_register_returns_token" time="0.735" /><testcase classname="tests.backend_test.TestAuth" name="test_register_duplicate" time="0.157" /><testcase classname="tests.backend_test.TestAuth" name="test_login_success" time="0.384" /><testcase classname="tests.backend_test.TestAuth" name="test_login_bad_password" time="0.372" /><testcase classname="tests.backend_test.TestAuth" name="test_me_with_token" time="0.144" /><testcase classname="tests.backend_test.TestTracksAndAudio" name="test_upload_track" time="1.653" /><testcase classname="tests.backend_test.TestTracksAndAudio" name="test_session_includes_track" time="0.199" /><testcase classname="tests.backend_test.TestAuth" name="test_me_without_token_401" time="0.120" /><testcase classname="tests.backend_test.TestTracksAndAudio" name="test_audio_download_owner" time="0.357" /><testcase classname="tests.backend_test.TestAuth" name="test_sessions_without_token_401" time="0.119" /><testcase classname="tests.backend_test.TestAuth" name="test_logout" time="0.919" /><testcase classname="tests.backend_test.TestTracksAndAudio" name="test_audio_download_other_user_forbidden" time="0.600" /><testcase classname="tests.backend_test.TestTracksAndAudio" name="test_audio_download_no_token_401" time="0.122" /><testcase classname="tests.backend_test.TestTracksAndAudio" name="test_patch_track" time="0.160" /><testcase classname="tests.backend_test.TestTracksAndAudio" name="test_patch_track_other_user_forbidden" time="0.127" /><testcase classname="tests.backend_test.TestTracksAndAudio" name="test_delete_track" time="0.606" /><testcase classname="tests.backend_test.TestMixdown" name="test_mixdown_mp3" time="2.003" /><testcase classname="tests.backend_test.TestSessions" name="test_create_and_get_list" time="0.417" /><testcase classname="tests.backend_test.TestSessions" name="test_patch_metronome" time="0.505" /><testcase classname="tests.backend_test.TestSessions" name="test_delete_session_soft" time="0.578" /><testcase classname="tests.backend_test.TestMixdown" name="test_mixdown_wav" time="1.095" /><testcase classname="tests.backend_test.TestSessions" name="test_user_isolation_sessions" time="0.780" /><testcase classname="tests.backend_test.TestMixdown" name="test_mixdown_no_tracks_400" time="0.271" /><testcase classname="tests.backend_test.TestReorder" name="test_reorder_persists" time="1.843" /><testcase classname="tests.backend_test.TestMixdown" name="test_get_mixdown_no_token_401" time="1.092" /><testcase classname="tests.backend_test.TestMixdown" name="test_get_mixdown_cross_user_404" time="0.544" /><testcase classname="tests.backend_test.TestReorder" name="test_reorder_other_user_404" time="0.818" /><testcase classname="tests.backend_test.TestMixdown" name="test_mixdown_cross_user_404" time="0.167" /><testcase classname="tests.backend_test" name="test_root" time="0.161" /></testsuite></testsuites>