<?xml version="1.0" encoding="utf-8"?><testsuites name="pytest tests"><testsuite name="pytest" errors="0" failures="0" skipped="0" tests="21" time="6.278" timestamp="2026-09-23T01:09:58.602482+00:00" hostname="agent-env-66fe3311-38ce-412b-9c7e-bf63489c4da0"><testcase classname="tests.backend_test.TestAuth" name="test_register_returns_token" time="0.647" /><testcase classname="tests.backend_test.TestAuth" name="test_register_duplicate" time="0.148" /><testcase classname="tests.backend_test.TestAuth" name="test_login_success" time="0.353" /><testcase classname="tests.backend_test.TestAuth" name="test_login_bad_password" time="0.365" /><testcase classname="tests.backend_test.TestTracksAndAudio" name="test_upload_track" time="1.513" /><testcase classname="tests.backend_test.TestTracksAndAudio" name="test_session_includes_track" time="0.144" /><testcase classname="tests.backend_test.TestAuth" name="test_me_with_token" time="0.187" /><testcase classname="tests.backend_test.TestTracksAndAudio" name="test_audio_download_owner" time="0.330" /><testcase classname="tests.backend_test.TestAuth" name="test_me_without_token_401" time="0.172" /><testcase classname="tests.backend_test.TestAuth" name="test_sessions_without_token_401" time="0.150" /><testcase classname="tests.backend_test.TestAuth" name="test_logout" time="0.920" /><testcase classname="tests.backend_test.TestTracksAndAudio" name="test_audio_download_other_user_forbidden" time="0.838" /><testcase classname="tests.backend_test.TestTracksAndAudio" name="test_audio_download_no_token_401" time="0.195" /><testcase classname="tests.backend_test.TestSessions" name="test_create_and_get_list" time="0.508" /><testcase classname="tests.backend_test.TestTracksAndAudio" name="test_patch_track" time="0.168" /><testcase classname="tests.backend_test.TestTracksAndAudio" name="test_patch_track_other_user_forbidden" time="0.145" /><testcase classname="tests.backend_test.TestTracksAndAudio" name="test_delete_track" time="0.673" /><testcase classname="tests.backend_test.TestSessions" name="test_patch_metronome" time="0.633" /><testcase classname="tests.backend_test" name="test_root" time="0.158" /><testcase classname="tests.backend_test.TestSessions" name="test_delete_session_soft" time="0.746" /><testcase classname="tests.backend_test.TestSessions" name="test_user_isolation_sessions" time="1.138" /></testsuite></testsuites>